Determining if the pthread_create exist failed with the following output:
Change Dir: /root/Desktop/Nreal/task5/build/CMakeFiles/CMakeTmp

Run Build Command:"/usr/bin/make" "cmTC_2ba29/fast"
/usr/bin/make -f CMakeFiles/cmTC_2ba29.dir/build.make CMakeFiles/cmTC_2ba29.dir/build
make[1]: Entering directory '/root/Desktop/Nreal/task5/build/CMakeFiles/CMakeTmp'
Building C object CMakeFiles/cmTC_2ba29.dir/CheckSymbolExists.c.o
/usr/bin/gcc    -o CMakeFiles/cmTC_2ba29.dir/CheckSymbolExists.c.o   -c /root/Desktop/Nreal/task5/build/CMakeFiles/CMakeTmp/CheckSymbolExists.c
Linking C executable cmTC_2ba29
/opt/cmake-3.13.0/bin/cmake -E cmake_link_script CMakeFiles/cmTC_2ba29.dir/link.txt --verbose=1
/usr/bin/gcc      -rdynamic CMakeFiles/cmTC_2ba29.dir/CheckSymbolExists.c.o  -o cmTC_2ba29 
CMakeFiles/cmTC_2ba29.dir/CheckSymbolExists.c.o: In function `main':
CheckSymbolExists.c:(.text+0x16): undefined reference to `pthread_create'
collect2: error: ld returned 1 exit status
CMakeFiles/cmTC_2ba29.dir/build.make:86: recipe for target 'cmTC_2ba29' failed
make[1]: *** [cmTC_2ba29] Error 1
make[1]: Leaving directory '/root/Desktop/Nreal/task5/build/CMakeFiles/CMakeTmp'
Makefile:121: recipe for target 'cmTC_2ba29/fast' failed
make: *** [cmTC_2ba29/fast] Error 2

File /root/Desktop/Nreal/task5/build/CMakeFiles/CMakeTmp/CheckSymbolExists.c:
/* */
#include <pthread.h>

int main(int argc, char** argv)
{
  (void)argv;
#ifndef pthread_create
  return ((int*)(&pthread_create))[argc];
#else
  (void)argc;
  return 0;
#endif
}

Determining if the function pthread_create exists in the pthreads failed with the following output:
Change Dir: /root/Desktop/Nreal/task5/build/CMakeFiles/CMakeTmp

Run Build Command:"/usr/bin/make" "cmTC_72259/fast"
/usr/bin/make -f CMakeFiles/cmTC_72259.dir/build.make CMakeFiles/cmTC_72259.dir/build
make[1]: Entering directory '/root/Desktop/Nreal/task5/build/CMakeFiles/CMakeTmp'
Building C object CMakeFiles/cmTC_72259.dir/CheckFunctionExists.c.o
/usr/bin/gcc   -DCHECK_FUNCTION_EXISTS=pthread_create   -o CMakeFiles/cmTC_72259.dir/CheckFunctionExists.c.o   -c /opt/cmake-3.13.0/share/cmake-3.13/Modules/CheckFunctionExists.c
Linking C executable cmTC_72259
/opt/cmake-3.13.0/bin/cmake -E cmake_link_script CMakeFiles/cmTC_72259.dir/link.txt --verbose=1
/usr/bin/gcc  -DCHECK_FUNCTION_EXISTS=pthread_create    -rdynamic CMakeFiles/cmTC_72259.dir/CheckFunctionExists.c.o  -o cmTC_72259 -lpthreads 
/usr/bin/ld: cannot find -lpthreads
collect2: error: ld returned 1 exit status
CMakeFiles/cmTC_72259.dir/build.make:86: recipe for target 'cmTC_72259' failed
make[1]: *** [cmTC_72259] Error 1
make[1]: Leaving directory '/root/Desktop/Nreal/task5/build/CMakeFiles/CMakeTmp'
Makefile:121: recipe for target 'cmTC_72259/fast' failed
make: *** [cmTC_72259/fast] Error 2


Determining if the function sgemm_ exists failed with the following output:
Change Dir: /root/Desktop/Nreal/task5/build/CMakeFiles/CMakeTmp

Run Build Command:"/usr/bin/make" "cmTC_4640c/fast"
/usr/bin/make -f CMakeFiles/cmTC_4640c.dir/build.make CMakeFiles/cmTC_4640c.dir/build
make[1]: Entering directory '/root/Desktop/Nreal/task5/build/CMakeFiles/CMakeTmp'
Building C object CMakeFiles/cmTC_4640c.dir/CheckFunctionExists.c.o
/usr/bin/gcc   -DCHECK_FUNCTION_EXISTS=sgemm_   -o CMakeFiles/cmTC_4640c.dir/CheckFunctionExists.c.o   -c /opt/cmake-3.13.0/share/cmake-3.13/Modules/CheckFunctionExists.c
Linking C executable cmTC_4640c
/opt/cmake-3.13.0/bin/cmake -E cmake_link_script CMakeFiles/cmTC_4640c.dir/link.txt --verbose=1
/usr/bin/gcc  -DCHECK_FUNCTION_EXISTS=sgemm_    -rdynamic CMakeFiles/cmTC_4640c.dir/CheckFunctionExists.c.o  -o cmTC_4640c 
CMakeFiles/cmTC_4640c.dir/CheckFunctionExists.c.o: In function `main':
CheckFunctionExists.c:(.text+0x10): undefined reference to `sgemm_'
collect2: error: ld returned 1 exit status
CMakeFiles/cmTC_4640c.dir/build.make:86: recipe for target 'cmTC_4640c' failed
make[1]: *** [cmTC_4640c] Error 1
make[1]: Leaving directory '/root/Desktop/Nreal/task5/build/CMakeFiles/CMakeTmp'
Makefile:121: recipe for target 'cmTC_4640c/fast' failed
make: *** [cmTC_4640c/fast] Error 2


